<?xml version="1.0" encoding="UTF-8"?>
<!-- Generated by org.testng.reporters.JUnitReportReporter -->
<testsuite hostname="LAPTOP-USEMB2OI" failures="0" tests="18" name="com.web_math.testcases.TC_genaralMath" time="59.816" errors="0" timestamp="2023-07-30T19:49:04 IST" skipped="0">
  <testcase classname="com.web_math.testcases.TC_genaralMath" name="tc_fractionToDecimal" time="2.042"/>
  <system-out/>
  <testcase classname="com.web_math.testcases.TC_genaralMath" name="tc_add" time="3.599"/>
  <system-out/>
  <testcase classname="com.web_math.testcases.TC_genaralMath" name="tc_multiply" time="3.729"/>
  <system-out/>
  <testcase classname="com.web_math.testcases.TC_genaralMath" name="tc_subtract" time="3.933"/>
  <system-out/>
  <testcase classname="com.web_math.testcases.TC_genaralMath" name="tc_factor" time="2.947"/>
  <system-out/>
  <testcase classname="com.web_math.testcases.TC_genaralMath" name="tc_lcm" time="3.054"/>
  <system-out/>
  <testcase classname="com.web_math.testcases.TC_genaralMath" name="tc_devide" time="3.820"/>
  <system-out/>
  <testcase classname="com.web_math.testcases.TC_genaralMath" name="tc_decimalToFraction" time="3.050"/>
  <system-out/>
  <testcase classname="com.web_math.testcases.TC_genaralMath" name="tc_converting" time="3.931"/>
  <system-out/>
  <testcase classname="com.web_math.testcases.TC_genaralMath" name="tc_reduce" time="2.772"/>
  <system-out/>
  <testcase classname="com.web_math.testcases.TC_genaralMath" name="tc_gcf" time="2.566"/>
  <system-out/>
  <testcase classname="com.web_math.testcases.TC_genaralMath" name="tc_addClear" time="2.857"/>
  <system-out/>
  <testcase classname="com.web_math.testcases.TC_genaralMath" name="tc_pronounce" time="3.781"/>
  <system-out/>
  <testcase classname="com.web_math.testcases.TC_genaralMath" name="tc_dropdown" time="2.316"/>
  <system-out/>
  <testcase classname="com.web_math.testcases.TC_genaralMath" name="tc_withVariablesToo" time="3.055"/>
  <system-out/>
  <testcase classname="com.web_math.testcases.TC_genaralMath" name="tc_subtractClear" time="3.516"/>
  <system-out/>
  <testcase classname="com.web_math.testcases.TC_genaralMath" name="tc_NumbersOnly" time="6.518"/>
  <system-out/>
  <testcase classname="com.web_math.testcases.TC_genaralMath" name="tc_goBtn" time="2.330"/>
  <system-out/>
</testsuite> <!-- com.web_math.testcases.TC_genaralMath -->
